Log file open, 12/12/18 11:41:42
LogWindows: Failed to load 'aqProf.dll' (GetLastError=126)
LogWindows: File 'aqProf.dll' does not exist
LogWindows: Failed to load 'VSPerf140.dll' (GetLastError=126)
LogWindows: File 'VSPerf140.dll' does not exist
LogWindows: Failed to load 'VtuneApi.dll' (GetLastError=126)
LogWindows: File 'VtuneApi.dll' does not exist
LogWindows: Failed to load 'VtuneApi32e.dll' (GetLastError=126)
LogWindows: File 'VtuneApi32e.dll' does not exist
LogInit: Display: Running engine for game: stealthPractice
LogPlatformFile: Not using cached read wrapper
LogTaskGraph: Started task graph with 5 named threads and 23 total threads with 3 sets of task threads.
LogStats: Stats thread started at 0.272603
LogD3D11RHI: Loaded GFSDK_Aftermath_Lib.x64.dll
LogICUInternationalization: Display: ICU TimeZone Detection - Raw Offset: -8:00, Platform Override: ''
LogPluginManager: Mounting plugin Paper2D
LogPluginManager: Mounting plugin AISupport
LogPluginManager: Mounting plugin LightPropagationVolume
LogPluginManager: Mounting plugin CLionSourceCodeAccess
LogPluginManager: Mounting plugin CodeLiteSourceCodeAccess
LogPluginManager: Mounting plugin GitSourceControl
LogPluginManager: Mounting plugin KDevelopSourceCodeAccess
LogPluginManager: Mounting plugin NullSourceCodeAccess
LogPluginManager: Mounting plugin PerforceSourceControl
LogPluginManager: Mounting plugin SubversionSourceControl
LogPluginManager: Mounting plugin UObjectPlugin
LogPluginManager: Mounting plugin VisualStudioCodeSourceCodeAccess
LogPluginManager: Mounting plugin VisualStudioSourceCodeAccess
LogPluginManager: Mounting plugin XCodeSourceCodeAccess
LogPluginManager: Mounting plugin AssetManagerEditor
LogPluginManager: Mounting plugin CryptoKeys
LogPluginManager: Mounting plugin DataValidation
LogPluginManager: Mounting plugin FacialAnimation
LogPluginManager: Mounting plugin GameplayTagsEditor
LogPluginManager: Mounting plugin MacGraphicsSwitching
LogPluginManager: Mounting plugin MeshEditor
LogPluginManager: Mounting plugin MobileLauncherProfileWizard
LogPluginManager: Mounting plugin PluginBrowser
LogPluginManager: Mounting plugin SpeedTreeImporter
LogPluginManager: Mounting plugin DatasmithContent
LogPluginManager: Mounting plugin AlembicImporter
LogPluginManager: Mounting plugin AppleImageUtils
LogPluginManager: Mounting plugin AppleVision
LogPluginManager: Mounting plugin BackChannel
LogPluginManager: Mounting plugin CharacterAI
LogPluginManager: Mounting plugin GeometryCache
LogPluginManager: Mounting plugin HTML5Networking
LogPluginManager: Mounting plugin ProxyLODPlugin
LogPluginManager: Mounting plugin MagicLeap
LogPluginManager: Mounting plugin MagicLeapEmulator
LogPluginManager: Mounting plugin MagicLeapMedia
LogPluginManager: Mounting plugin AndroidMedia
LogPluginManager: Mounting plugin AvfMedia
LogPluginManager: Mounting plugin ImgMedia
LogPluginManager: Mounting plugin LinearTimecode
LogPluginManager: Mounting plugin MediaCompositing
LogPluginManager: Mounting plugin MediaPlayerEditor
LogPluginManager: Mounting plugin WmfMedia
LogPluginManager: Mounting plugin TcpMessaging
LogPluginManager: Mounting plugin UdpMessaging
LogPluginManager: Mounting plugin ActorSequence
LogPluginManager: Mounting plugin LevelSequenceEditor
LogPluginManager: Mounting plugin MatineeToLevelSequence
LogPluginManager: Mounting plugin NetcodeUnitTest
LogPluginManager: Mounting plugin NUTUnrealEngine4
LogPluginManager: Mounting plugin OnlineSubsystemGooglePlay
LogPluginManager: Mounting plugin OnlineSubsystemIOS
LogPluginManager: Mounting plugin OnlineSubsystem
LogPluginManager: Mounting plugin OnlineSubsystemNull
LogPluginManager: Mounting plugin OnlineSubsystemUtils
LogPluginManager: Mounting plugin LauncherChunkInstaller
LogPluginManager: Mounting plugin AndroidDeviceProfileSelector
LogPluginManager: Mounting plugin AndroidMoviePlayer
LogPluginManager: Mounting plugin AndroidPermission
LogPluginManager: Mounting plugin AppleMoviePlayer
LogPluginManager: Mounting plugin ArchVisCharacter
LogPluginManager: Mounting plugin AudioCapture
LogPluginManager: Mounting plugin CableComponent
LogPluginManager: Mounting plugin CustomMeshComponent
LogPluginManager: Mounting plugin EditableMesh
LogPluginManager: Mounting plugin ExampleDeviceProfileSelector
LogPluginManager: Mounting plugin GoogleCloudMessaging
LogPluginManager: Mounting plugin ImmediatePhysics
LogPluginManager: Mounting plugin IOSDeviceProfileSelector
LogPluginManager: Mounting plugin LinuxDeviceProfileSelector
LogPluginManager: Mounting plugin LocationServicesBPLibrary
LogPluginManager: Mounting plugin MobilePatchingUtils
LogPluginManager: Mounting plugin OculusVR
LogPluginManager: Plugin shader directory ../../../Engine/Plugins/Runtime/Oculus/OculusVR/Shaders found
LogPluginManager: Mapping shader source directory ../../../Engine/Plugins/Runtime/Oculus/OculusVR/Shaders to virtual directory /Plugin/OculusVR
LogPluginManager: Mounting plugin PhysXVehicles
LogPluginManager: Mounting plugin ProceduralMeshComponent
LogPluginManager: Mounting plugin RuntimePhysXCooking
LogPluginManager: Mounting plugin SteamVR
LogPluginManager: Mounting plugin WindowsMoviePlayer
LogStreaming: Display: Took  0.358s to configure plugins.
LogInit: Using libcurl 7.55.1-DEV
LogInit:  - built for x86_64-pc-win32
LogInit:  - supports SSL with OpenSSL/1.0.2h
LogInit:  - supports HTTP deflate (compression) using libz 1.2.8
LogInit:  - other features:
LogInit:      CURL_VERSION_SSL
LogInit:      CURL_VERSION_LIBZ
LogInit:      CURL_VERSION_IPV6
LogInit:      CURL_VERSION_ASYNCHDNS
LogInit:      CURL_VERSION_LARGEFILE
LogInit:      CURL_VERSION_IDN
LogInit:  CurlRequestOptions (configurable via config and command line):
LogInit:  - bVerifyPeer = false  - Libcurl will NOT verify peer certificate
LogInit:  - bUseHttpProxy = false  - Libcurl will NOT use HTTP proxy
LogInit:  - bDontReuseConnections = false  - Libcurl will reuse connections
LogInit:  - CertBundlePath = nullptr  - Libcurl will use whatever was configured at build time.
LogInit:  - MaxHostConnections = 16  - Libcurl will limit the number of connections to a host
LogInit:  - LocalHostAddr = Default
LogInit:  - BufferSize = 65536
LogInit: WinSock: version 1.1 (2.2), MaxSocks=32767, MaxUdp=65467
LogHMD: Failed initializing OVRPlugin 1.25.0
LogInit: Build: ++UE4+Release-4.20-CL-4369336
LogInit: Engine Version: 4.20.3-4369336+++UE4+Release-4.20
LogInit: Compatible Engine Version: 4.20.0-4212847+++UE4+Release-4.20
LogInit: Net CL: 4212847
LogInit: OS: Windows 10 (), CPU: Intel(R) Core(TM) i7-6700 CPU @ 3.40GHz, GPU: NVIDIA GeForce GTX 980
LogInit: Compiled (64-bit): Sep 17 2018 12:26:19
LogInit: Compiled with Visual C++: 19.13.26129.00
LogInit: Build Configuration: Development
LogInit: Branch Name: ++UE4+Release-4.20
LogInit: Command Line: -EpicPortal  -epicusername="sacmakersharris" -epicuserid=e2a335f1a7a447ebadf0dc00688835c6 -epiclocale=en-US
LogInit: Base Directory: D:/UE_4.20/Engine/Binaries/Win64/
LogInit: Installed Engine Build: 1
LogDevObjectVersion: Number of dev versions registered: 20
LogDevObjectVersion:   Dev-Blueprints (B0D832E4-1F89-4F0D-ACCF-7EB736FD4AA2): 10
LogDevObjectVersion:   Dev-Build (E1C64328-A22C-4D53-A36C-8E866417BD8C): 0
LogDevObjectVersion:   Dev-Core (375EC13C-06E4-48FB-B500-84F0262A717E): 2
LogDevObjectVersion:   Dev-Editor (E4B068ED-F494-42E9-A231-DA0B2E46BB41): 24
LogDevObjectVersion:   Dev-Framework (CFFC743F-43B0-4480-9391-14DF171D2073): 34
LogDevObjectVersion:   Dev-Mobile (B02B49B5-BB20-44E9-A304-32B752E40360): 2
LogDevObjectVersion:   Dev-Networking (A4E4105C-59A1-49B5-A7C5-40C4547EDFEE): 0
LogDevObjectVersion:   Dev-Online (39C831C9-5AE6-47DC-9A44-9C173E1C8E7C): 0
LogDevObjectVersion:   Dev-Physics (78F01B33-EBEA-4F98-B9B4-84EACCB95AA2): 0
LogDevObjectVersion:   Dev-Platform (6631380F-2D4D-43E0-8009-CF276956A95A): 0
LogDevObjectVersion:   Dev-Rendering (12F88B9F-8875-4AFC-A67C-D90C383ABD29): 26
LogDevObjectVersion:   Dev-Sequencer (7B5AE74C-D270-4C10-A958-57980B212A5A): 9
LogDevObjectVersion:   Dev-VR (D7296918-1DD6-4BDD-9DE2-64A83CC13884): 2
LogDevObjectVersion:   Dev-LoadTimes (C2A15278-BFE7-4AFE-6C17-90FF531DF755): 1
LogDevObjectVersion:   Private-Geometry (6EACA3D4-40EC-4CC1-B786-8BED09428FC5): 3
LogDevObjectVersion:   Dev-AnimPhys (29E575DD-E0A3-4627-9D10-D276232CDCEA): 17
LogDevObjectVersion:   Dev-ReflectionCapture (6B266CEC-1EC7-4B8F-A30B-E4D90942FC07): 1
LogDevObjectVersion:   Dev-Automation (0DF73D61-A23F-47EA-B727-89E90C41499A): 1
LogDevObjectVersion:   FortniteMain (601D1886-AC64-4F84-AA16-D3DE0DEAC7D6): 12
LogDevObjectVersion:   Dev-Enterprise (9DFFBCD6-494F-0158-E221-12823C92A888): 1
LogStreaming: Display: Took  0.000s to delete old logs.
LogInit: Presizing for max 8388607 objects, including 0 objects not considered by GC, pre-allocating 0 bytes for permanent pool.
LogInit: Object subsystem initialized
[2018.12.12-19.41.43:019][  0]LogInit: Selected Device Profile: [Windows]
[2018.12.12-19.41.43:019][  0]LogInit: Applying CVar settings loaded from the selected device profile: [Windows]
[2018.12.12-19.41.43:054][  0]LogHAL: Display: Platform has ~ 16 GB [17138335744 / 17179869184 / 16], which maps to Larger [LargestMinGB=32, LargerMinGB=12, DefaultMinGB=8, SmallerMinGB=6, SmallestMinGB=0)
[2018.12.12-19.41.43:054][  0]LogInit: Setting Device Profile CVar: [[r.Vulkan.UseRealUBs:1]]
[2018.12.12-19.41.43:054][  0]LogInit: Going up to parent DeviceProfile []
[2018.12.12-19.41.43:055][  0]LogInit: Computer: DESKTOP-F9DB7QO
[2018.12.12-19.41.43:055][  0]LogInit: User: SacMakers
[2018.12.12-19.41.43:055][  0]LogInit: CPU Page size=4096, Cores=4
[2018.12.12-19.41.43:055][  0]LogInit: High frequency timer resolution =3.328127 MHz
[2018.12.12-19.41.43:055][  0]LogMemory: Memory total: Physical=16.0GB (16GB approx)
[2018.12.12-19.41.43:055][  0]LogMemory: Platform Memory Stats for Windows
[2018.12.12-19.41.43:055][  0]LogMemory: Process Physical Memory: 103.28 MB used, 103.28 MB peak
[2018.12.12-19.41.43:055][  0]LogMemory: Process Virtual Memory: 93.57 MB used, 93.57 MB peak
[2018.12.12-19.41.43:055][  0]LogMemory: Physical Memory: 5180.48 MB used,  11163.91 MB free, 16344.39 MB total
[2018.12.12-19.41.43:055][  0]LogMemory: Virtual Memory: 4654.47 MB used,  11163.91 MB free, 134217728.00 MB total
[2018.12.12-19.41.43:071][  0]LogInit: Using OS detected language (en-US).
[2018.12.12-19.41.43:071][  0]LogInit: Using OS detected locale (en-US).
[2018.12.12-19.41.43:072][  0]LogTextLocalizationManager: No specific localization for 'en-US' exists, so the 'en' localization will be used.
[2018.12.12-19.41.43:403][  0]LogStreaming: Display: Took  0.331s to InitEngineTextLocalization.
[2018.12.12-19.41.43:403][  0]LogInit: Setting process to per monitor DPI aware
[2018.12.12-19.41.43:433][  0]LogSlate: New Slate User Created.  User Index 0, Is Virtual User: 0
[2018.12.12-19.41.43:433][  0]LogSlate: Slate User Registered.  User Index 0, Is Virtual User: 0
[2018.12.12-19.41.43:714][  0]LogHMD: Failed to initialize OpenVR with code 100
[2018.12.12-19.41.43:714][  0]LogD3D11RHI: D3D11 adapters:
[2018.12.12-19.41.43:764][  0]LogD3D11RHI:    0. 'NVIDIA GeForce GTX 980' (Feature Level 11_0)
[2018.12.12-19.41.43:764][  0]LogD3D11RHI:       4053/0/8172 MB DedicatedVideo/DedicatedSystem/SharedSystem, Outputs:1, VendorId:0x10de
[2018.12.12-19.41.43:766][  0]LogD3D11RHI:    1. 'Microsoft Basic Render Driver' (Feature Level 11_0)
[2018.12.12-19.41.43:766][  0]LogD3D11RHI:       0/0/8172 MB DedicatedVideo/DedicatedSystem/SharedSystem, Outputs:0, VendorId:0x1414
[2018.12.12-19.41.43:766][  0]LogD3D11RHI: Chosen D3D11 Adapter: 0
[2018.12.12-19.41.43:771][  0]LogD3D11RHI: Creating new Direct3DDevice
[2018.12.12-19.41.43:771][  0]LogD3D11RHI:     GPU DeviceId: 0x13c0 (for the marketing name, search the web for "GPU Device Id")
[2018.12.12-19.41.43:771][  0]LogWindows: EnumDisplayDevices:
[2018.12.12-19.41.43:771][  0]LogWindows:    0. 'NVIDIA GeForce GTX 980' (P:1 D:1)
[2018.12.12-19.41.43:771][  0]LogWindows:    1. 'NVIDIA GeForce GTX 980' (P:0 D:0)
[2018.12.12-19.41.43:772][  0]LogWindows:    2. 'NVIDIA GeForce GTX 980' (P:0 D:0)
[2018.12.12-19.41.43:772][  0]LogWindows:    3. 'NVIDIA GeForce GTX 980' (P:0 D:0)
[2018.12.12-19.41.43:772][  0]LogWindows: DebugString: FoundDriverCount:4 
[2018.12.12-19.41.43:772][  0]LogD3D11RHI:     Adapter Name: NVIDIA GeForce GTX 980
[2018.12.12-19.41.43:772][  0]LogD3D11RHI:   Driver Version: 391.35 (internal:23.21.13.9135, unified:391.35)
[2018.12.12-19.41.43:772][  0]LogD3D11RHI:      Driver Date: 3-23-2018
[2018.12.12-19.41.43:772][  0]LogRHI: Texture pool is 2837 MB (70% of 4053 MB)
[2018.12.12-19.41.43:801][  0]LogD3D11RHI: Async texture creation enabled
[2018.12.12-19.41.43:863][  0]LogD3D11RHI: GPU Timing Frequency: 1000.000000 (Debug: 2 2)
[2018.12.12-19.41.43:864][  0]LogShaderCompilers: Guid format shader working directory is 23 characters bigger than the processId version (../../../../stealthPractice/Intermediate/Shaders/WorkingDirectory/5672/).
[2018.12.12-19.41.43:864][  0]LogShaderCompilers: Cleaned the shader compiler working directory 'C:/Users/SacMakers/AppData/Local/Temp/UnrealShaderWorkingDir/70EF99B840D309EF52B16D8BE6AF9A23/'.
[2018.12.12-19.41.44:109][  0]LogTemp: Display: Loaded TP AllDesktopTargetPlatform
[2018.12.12-19.41.44:121][  0]LogTemp: Display: Loaded TP MacClientTargetPlatform
[2018.12.12-19.41.44:131][  0]LogTemp: Display: Loaded TP MacNoEditorTargetPlatform
[2018.12.12-19.41.44:142][  0]LogTemp: Display: Loaded TP MacServerTargetPlatform
[2018.12.12-19.41.44:154][  0]LogTemp: Display: Loaded TP MacTargetPlatform
[2018.12.12-19.41.44:165][  0]LogTemp: Display: Loaded TP WindowsClientTargetPlatform
[2018.12.12-19.41.44:176][  0]LogTemp: Display: Loaded TP WindowsNoEditorTargetPlatform
[2018.12.12-19.41.44:187][  0]LogTemp: Display: Loaded TP WindowsServerTargetPlatform
[2018.12.12-19.41.44:192][  0]LogTemp: Display: Loaded TP WindowsTargetPlatform
[2018.12.12-19.41.44:259][  0]LogTemp: Display: Loaded TP AndroidTargetPlatform
[2018.12.12-19.41.44:259][  0]LogTemp: Display: Loaded TP AndroidTargetPlatform
[2018.12.12-19.41.44:259][  0]LogTemp: Display: Loaded TP AndroidTargetPlatform
[2018.12.12-19.41.44:259][  0]LogTemp: Display: Loaded TP AndroidTargetPlatform
[2018.12.12-19.41.44:259][  0]LogTemp: Display: Loaded TP AndroidTargetPlatform
[2018.12.12-19.41.44:259][  0]LogTemp: Display: Loaded TP AndroidTargetPlatform
[2018.12.12-19.41.44:259][  0]LogTemp: Display: Loaded TP AndroidTargetPlatform
[2018.12.12-19.41.44:259][  0]LogTemp: Display: Loaded TP AndroidTargetPlatform
[2018.12.12-19.41.44:259][  0]LogTemp: Display: Loaded TP AndroidTargetPlatform
[2018.12.12-19.41.44:259][  0]LogTemp: Display: Loaded TP AndroidTargetPlatform
[2018.12.12-19.41.44:259][  0]LogTemp: Display: Loaded TP AndroidTargetPlatform
[2018.12.12-19.41.44:259][  0]LogTemp: Display: Loaded TP AndroidTargetPlatform
[2018.12.12-19.41.44:259][  0]LogTemp: Display: Loaded TP AndroidTargetPlatform
[2018.12.12-19.41.44:259][  0]LogTemp: Display: Loaded TP AndroidTargetPlatform
[2018.12.12-19.41.44:259][  0]LogTemp: Display: Loaded TP AndroidTargetPlatform
[2018.12.12-19.41.44:259][  0]LogTemp: Display: Loaded TP AndroidTargetPlatform
[2018.12.12-19.41.44:259][  0]LogTemp: Display: Loaded TP AndroidTargetPlatform
[2018.12.12-19.41.44:259][  0]LogTemp: Display: Loaded TP AndroidTargetPlatform
[2018.12.12-19.41.44:260][  0]LogTemp: Display: Loaded TP HTML5TargetPlatform
[2018.12.12-19.41.44:314][  0]LogTemp: Display: Loaded TP IOSTargetPlatform
[2018.12.12-19.41.44:314][  0]LogTemp: Display: Loaded TP IOSTargetPlatform
[2018.12.12-19.41.44:334][  0]LogTemp: Display: Loaded TP TVOSTargetPlatform
[2018.12.12-19.41.44:334][  0]LogTemp: Display: Loaded TP TVOSTargetPlatform
[2018.12.12-19.41.44:345][  0]LogTemp: Display: Loaded TP LinuxClientTargetPlatform
[2018.12.12-19.41.44:356][  0]LogTemp: Display: Loaded TP LinuxNoEditorTargetPlatform
[2018.12.12-19.41.44:367][  0]LogTemp: Display: Loaded TP LinuxServerTargetPlatform
[2018.12.12-19.41.44:378][  0]LogTemp: Display: Loaded TP LinuxTargetPlatform
[2018.12.12-19.41.44:386][  0]LogTemp: Display: Loaded TP LuminTargetPlatform
[2018.12.12-19.41.44:386][  0]LogTargetPlatformManager: Display: Building Assets For Windows
[2018.12.12-19.41.44:429][  0]LogXGEController: Cannot use XGE Controller as Incredibuild is not installed on this machine.
[2018.12.12-19.41.44:429][  0]LogShaderCompilers: Cannot use XGE Shader Compiler as Incredibuild is not installed on this machine.
[2018.12.12-19.41.44:430][  0]LogShaderCompilers: Display: Using Local Shader Compiler.
[2018.12.12-19.41.45:054][  0]LogDerivedDataCache: Display: Max Cache Size: 512 MB
[2018.12.12-19.41.45:112][  0]LogDerivedDataCache: Loaded boot cache 0.06s 71MB C:/Users/SacMakers/AppData/Local/UnrealEngine/4.20/DerivedDataCache/Boot.ddc.
[2018.12.12-19.41.45:113][  0]LogDerivedDataCache: Display: Loaded Boot cache: C:/Users/SacMakers/AppData/Local/UnrealEngine/4.20/DerivedDataCache/Boot.ddc
[2018.12.12-19.41.45:113][  0]LogDerivedDataCache: FDerivedDataBackendGraph:  Pak pak cache file ../../../../stealthPractice/DerivedDataCache/DDC.ddp not found, will not use a pak cache.
[2018.12.12-19.41.45:113][  0]LogDerivedDataCache: Unable to find inner node Pak for hierarchical cache Hierarchy.
[2018.12.12-19.41.45:113][  0]LogDerivedDataCache: FDerivedDataBackendGraph:  CompressedPak pak cache file ../../../../stealthPractice/DerivedDataCache/Compressed.ddp not found, will not use a pak cache.
[2018.12.12-19.41.45:113][  0]LogDerivedDataCache: Unable to find inner node CompressedPak for hierarchical cache Hierarchy.
[2018.12.12-19.41.45:124][  0]LogDerivedDataCache: Display: Pak cache opened for reading ../../../Engine/DerivedDataCache/Compressed.ddp.
[2018.12.12-19.41.45:137][  0]LogDerivedDataCache: Using Local data cache path C:/Users/SacMakers/AppData/Local/UnrealEngine/Common/DerivedDataCache: Writable
[2018.12.12-19.41.45:137][  0]LogDerivedDataCache: Shared data cache path not found in *engine.ini, will not use an Shared cache.
[2018.12.12-19.41.45:137][  0]LogDerivedDataCache: Unable to find inner node Shared for hierarchical cache Hierarchy.
[2018.12.12-19.41.45:152][  0]LogMaterial: Verifying Global Shaders for PCD3D_SM5
[2018.12.12-19.41.45:153][  0]LogSlate: Using FreeType 2.6.0
[2018.12.12-19.41.45:154][  0]LogSlate: SlateFontServices - WITH_FREETYPE: 1, WITH_HARFBUZZ: 1
[2018.12.12-19.41.45:232][  0]LogAssetRegistry: FAssetRegistry took 0.0254 seconds to start up
[2018.12.12-19.41.45:515][  0]LogInit: Selected Device Profile: [Windows]
[2018.12.12-19.41.45:630][  0]LogSimplygon: Simplygon DLL not present - disabling.
[2018.12.12-19.41.45:633][  0]LogMeshReduction: Using SimplygonSwarm for distributed automatic mesh merging
[2018.12.12-19.41.45:633][  0]LogMeshReduction: Using ProxyLODMeshReduction for automatic mesh merging
[2018.12.12-19.41.45:633][  0]LogMeshReduction: Using QuadricMeshReduction for automatic static mesh reduction
[2018.12.12-19.41.45:633][  0]LogMeshReduction: No automatic skeletal mesh reduction module available
[2018.12.12-19.41.45:649][  0]LogNetVersion: stealthPractice 1.0.0, NetCL: 4212847, EngineNetVer: 5, GameNetVer: 0 (Checksum: 3376071053)
[2018.12.12-19.41.46:166][  0]LogPackageLocalizationCache: Processed 11 localized package path(s) for 2 prioritized culture(s) in 0.141287 seconds
[2018.12.12-19.41.46:172][  0]LogUObjectArray: 38425 objects as part of root set at end of initial load.
[2018.12.12-19.41.46:172][  0]LogUObjectAllocator: 6690864 out of 0 bytes used by permanent object pool.
[2018.12.12-19.41.46:172][  0]LogUObjectArray: CloseDisregardForGC: 0/0 objects in disregard for GC pool
[2018.12.12-19.41.47:024][  0]LogTcpMessaging: Initializing TcpMessaging bridge
[2018.12.12-19.41.47:038][  0]LogUdpMessaging: Initializing bridge on interface 0.0.0.0:0 to multicast group 230.0.0.1:6666.
[2018.12.12-19.41.47:174][  0]SourceControl: Source control is disabled
[2018.12.12-19.41.47:174][  0]SourceControl: Source control is disabled
[2018.12.12-19.41.47:176][  0]SourceControl: Source control is disabled
[2018.12.12-19.41.47:176][  0]SourceControl: Source control is disabled
[2018.12.12-19.41.47:361][  0]LogAndroidPermission: UAndroidPermissionCallbackProxy::GetInstance
[2018.12.12-19.41.47:410][  0]LogOcInput: OculusInput pre-init called
[2018.12.12-19.41.47:465][  0]LogEngine: Initializing Engine...
[2018.12.12-19.41.47:465][  0]LogHMD: Failed to initialize OpenVR with code 100
[2018.12.12-19.41.47:466][  0]LogStats: UGameplayTagsManager::ConstructGameplayTagTree: ImportINI prefixes -  0.000 s
[2018.12.12-19.41.47:466][  0]LogStats: UGameplayTagsManager::ConstructGameplayTagTree: Construct from data asset -  0.000 s
[2018.12.12-19.41.47:467][  0]LogStats: UGameplayTagsManager::ConstructGameplayTagTree: ImportINI -  0.000 s
[2018.12.12-19.41.47:467][  0]LogStats: UGameplayTagsManager::ConstructGameplayTagTree: GameplayTagTreeChangedEvent.Broadcast -  0.000 s
[2018.12.12-19.41.47:660][  0]LogInit: Initializing FReadOnlyCVARCache
[2018.12.12-19.41.47:669][  0]LogAIModule: Creating AISystem for world Untitled
[2018.12.12-19.41.47:687][  0]LogInit: XAudio2 using 'Speakers (Realtek High Definition Audio)' : 2 channels at 48 kHz using 32 bits per sample (channel mask 0x3)
[2018.12.12-19.41.47:727][  0]LogInit: FAudioDevice initialized.
[2018.12.12-19.41.47:727][  0]LogNetVersion: Set ProjectVersion to 1.0.0.0. Version Checksum will be recalculated on next use.
[2018.12.12-19.41.47:845][  0]LogDerivedDataCache: Saved boot cache 0.12s 71MB C:/Users/SacMakers/AppData/Local/UnrealEngine/4.20/DerivedDataCache/Boot.ddc.
[2018.12.12-19.41.47:856][  0]LogInit: Texture streaming: Enabled
[2018.12.12-19.41.47:868][  0]LogEngineSessionManager: EngineSessionManager initialized
[2018.12.12-19.41.47:878][  0]LogInit: Transaction tracking system initialized
[2018.12.12-19.41.47:896][  0]BlueprintLog: New page: Editor Load
[2018.12.12-19.41.47:952][  0]LocalizationService: Localization service is disabled
[2018.12.12-19.41.48:219][  0]LogCook: Display: Max memory allowance for cook 16384mb min free memory 0mb
[2018.12.12-19.41.48:219][  0]LogCook: Display: Mobile HDR setting 1
[2018.12.12-19.41.48:219][  0]LogGameplayTags: Display: UGameplayTagsManager::DoneAddingNativeTags. DelegateIsBound: 0
[2018.12.12-19.41.48:219][  0]LogStats: UGameplayTagsManager::ConstructGameplayTagTree: ImportINI prefixes -  0.000 s
[2018.12.12-19.41.48:219][  0]LogStats: UGameplayTagsManager::ConstructGameplayTagTree: Construct from data asset -  0.000 s
[2018.12.12-19.41.48:219][  0]LogStats: UGameplayTagsManager::ConstructGameplayTagTree: ImportINI -  0.000 s
[2018.12.12-19.41.48:219][  0]LogStats: UGameplayTagsManager::ConstructGameplayTagTree: GameplayTagTreeChangedEvent.Broadcast -  0.000 s
[2018.12.12-19.41.48:321][  0]LogFileCache: Scanning file cache for directory 'D:/stealthPractice/Content/' took 0.02s
[2018.12.12-19.41.48:321][  0]SourceControl: Source control is disabled
[2018.12.12-19.41.48:321][  0]Cmd: MAP LOAD FILE="../../../../stealthPractice/Content/ThirdPersonBP/Maps/ThirdPersonExampleMap.umap" TEMPLATE=0 SHOWPROGRESS=1 FEATURELEVEL=3
[2018.12.12-19.41.48:321][  0]LightingResults: New page: Lighting Build
[2018.12.12-19.41.48:323][  0]MapCheck: New page: Map Check
[2018.12.12-19.41.48:323][  0]LightingResults: New page: Lighting Build
[2018.12.12-19.41.50:080][  0]LogAIModule: Creating AISystem for world ThirdPersonExampleMap
[2018.12.12-19.41.50:341][  0]LogEditorServer: Finished looking for orphan Actors (0.000 secs)
[2018.12.12-19.41.50:363][  0]Cmd: MAP CHECKDEP NOCLEARLOG
[2018.12.12-19.41.50:428][  0]MapCheck: Map check complete: 0 Error(s), 0 Warning(s), took 64.268ms to complete.
[2018.12.12-19.41.50:428][  0]LogFileHelpers: Loading map 'ThirdPersonExampleMap' took 2.107
[2018.12.12-19.41.50:826][  0]LogSlate: Updating window title bar state: overlay mode, drag disabled, window buttons hidden, title bar hidden
[2018.12.12-19.41.50:850][  0]LogSlate: Updating window title bar state: overlay mode, drag disabled, window buttons hidden, title bar hidden
[2018.12.12-19.41.50:858][  0]LogSlate: Updating window title bar state: overlay mode, drag disabled, window buttons hidden, title bar hidden
[2018.12.12-19.41.50:865][  0]LogSlate: Updating window title bar state: overlay mode, drag disabled, window buttons hidden, title bar hidden
[2018.12.12-19.41.50:872][  0]LogCollectionManager: Loaded 0 collections in 0.000993 seconds
[2018.12.12-19.41.50:956][  0]LogFileCache: Scanning file cache for directory 'D:/stealthPractice/Saved/Collections/' took 0.01s
[2018.12.12-19.41.50:956][  0]LogFileCache: Scanning file cache for directory 'D:/stealthPractice/Content/Developers/SacMakers/Collections/' took 0.01s
[2018.12.12-19.41.50:956][  0]LogFileCache: Scanning file cache for directory 'D:/stealthPractice/Content/Collections/' took 0.01s
[2018.12.12-19.41.50:956][  0]LogCollectionManager: Rebuilt the GUID cache for 0 collections in 0.000000 seconds
[2018.12.12-19.41.50:965][  0]LogContentBrowser: Native class hierarchy populated in 0.0084 seconds. Added 2572 classes and 603 folders.
[2018.12.12-19.41.51:009][  0]LogContentBrowser: Native class hierarchy updated for 'WidgetCarousel' in 0.0002 seconds. Added 0 classes and 0 folders.
[2018.12.12-19.41.52:216][  0]LogContentBrowser: Native class hierarchy updated for 'AddContentDialog' in 0.0002 seconds. Added 0 classes and 0 folders.
[2018.12.12-19.41.52:261][  0]LogContentBrowser: Native class hierarchy updated for 'SceneOutliner' in 0.0003 seconds. Added 1 classes and 2 folders.
[2018.12.12-19.41.52:941][  0]LogSlate: Took 0.000334 seconds to synchronously load lazily loaded font '../../../Engine/Content/Slate/Fonts/Roboto-Regular.ttf' (155K)
[2018.12.12-19.41.52:944][  0]LogSlate: Took 0.000273 seconds to synchronously load lazily loaded font '../../../Engine/Content/Slate/Fonts/Roboto-Bold.ttf' (160K)
[2018.12.12-19.41.52:993][  0]LogSlate: Took 0.011266 seconds to synchronously load lazily loaded font '../../../Engine/Content/Editor/Slate/Fonts/FontAwesome.ttf' (139K)
[2018.12.12-19.41.53:285][  0]LogRenderer: Reallocating scene render targets to support 684x500 Format 10 NumSamples 1 (Frame:1).
[2018.12.12-19.41.53:588][  0]LogContentBrowser: Native class hierarchy updated for 'HierarchicalLODOutliner' in 0.0002 seconds. Added 0 classes and 0 folders.
[2018.12.12-19.41.53:588][  0]LogLoad: (Engine Initialization) Total time: 13.68 seconds
[2018.12.12-19.41.53:588][  0]LogLoad: (Engine Initialization) Total Blueprint compile time: 0.00 seconds
[2018.12.12-19.41.53:598][  0]LogWindowsTextInputMethodSystem: Display: IME system now deactivated.
[2018.12.12-19.41.53:634][  0]LogAssetRegistry: Asset discovery search completed in 8.4242 seconds
[2018.12.12-19.41.53:635][  0]LogCollectionManager: Rebuilt the object cache for 0 collections in 0.000000 seconds (found 0 objects)
[2018.12.12-19.41.53:636][  0]LogCollectionManager: Fixed up redirectors for 0 collections in 0.000069 seconds (updated 0 objects)
[2018.12.12-19.41.53:661][  0]LogContentStreaming: Texture pool size now 1000 MB
[2018.12.12-19.41.53:790][  0]LogSlate: Took 0.027139 seconds to synchronously load lazily loaded font '../../../Engine/Content/Slate/Fonts/Roboto-Light.ttf' (167K)
[2018.12.12-19.41.54:647][ 68]LogSlate: Took 0.000264 seconds to synchronously load lazily loaded font '../../../Engine/Content/Slate/Fonts/Roboto-Light.ttf' (167K)
[2018.12.12-19.42.25:696][787]LogTemp: Repeating last play command: Selected Viewport
[2018.12.12-19.42.25:725][787]LogBlueprintUserMessages: Early PlayInEditor Detection: Level '/Game/ThirdPersonBP/Maps/ThirdPersonExampleMap.ThirdPersonExampleMap:PersistentLevel' has LevelScriptBlueprint '/Game/ThirdPersonBP/Maps/ThirdPersonExampleMap.ThirdPersonExampleMap:PersistentLevel.ThirdPersonExampleMap' with GeneratedClass '/Game/ThirdPersonBP/Maps/ThirdPersonExampleMap.ThirdPersonExampleMap_C' with ClassGeneratedBy '/Game/ThirdPersonBP/Maps/ThirdPersonExampleMap.ThirdPersonExampleMap:PersistentLevel.ThirdPersonExampleMap'
[2018.12.12-19.42.25:725][787]LogPlayLevel: PlayLevel: No blueprints needed recompiling
[2018.12.12-19.42.25:795][787]PIE: New page: PIE session: ThirdPersonExampleMap (Dec 12, 2018, 3:42:25 AM)
[2018.12.12-19.42.25:795][787]LogPlayLevel: Creating play world package: /Game/ThirdPersonBP/Maps/UEDPIE_0_ThirdPersonExampleMap
[2018.12.12-19.42.25:853][787]LogPlayLevel: PIE: StaticDuplicateObject took: (0.056508s)
[2018.12.12-19.42.25:854][787]LogAIModule: Creating AISystem for world ThirdPersonExampleMap
[2018.12.12-19.42.25:854][787]LogPlayLevel: PIE: World Init took: (0.001255s)
[2018.12.12-19.42.25:854][787]LogPlayLevel: PIE: Created PIE world by copying editor world from /Game/ThirdPersonBP/Maps/ThirdPersonExampleMap.ThirdPersonExampleMap to /Game/ThirdPersonBP/Maps/UEDPIE_0_ThirdPersonExampleMap.ThirdPersonExampleMap (0.058001s)
[2018.12.12-19.42.25:897][787]LogInit: XAudio2 using 'Speakers (Realtek High Definition Audio)' : 2 channels at 48 kHz using 32 bits per sample (channel mask 0x3)
[2018.12.12-19.42.25:912][787]LogInit: FAudioDevice initialized.
[2018.12.12-19.42.25:934][787]LogSlate: FSceneViewport::OnFocusLost() reason 2
[2018.12.12-19.42.26:012][787]LogLoad: Game class is 'ThirdPersonGameMode_C'
[2018.12.12-19.42.26:025][787]LogWorld: Bringing World /Game/ThirdPersonBP/Maps/UEDPIE_0_ThirdPersonExampleMap.ThirdPersonExampleMap up for play (max tick rate 0) at 2018.12.12-11.42.26
[2018.12.12-19.42.26:060][787]LogWorld: Bringing up level for play took: 0.036252
[2018.12.12-19.42.26:160][787]LogContentBrowser: Native class hierarchy updated for 'MovieSceneCapture' in 0.0003 seconds. Added 10 classes and 0 folders.
[2018.12.12-19.42.26:181][787]PIE: Play in editor start time for /Game/ThirdPersonBP/Maps/UEDPIE_0_ThirdPersonExampleMap 1.363
[2018.12.12-19.42.26:181][787]LogBlueprintUserMessages: Late PlayInEditor Detection: Level '/Game/ThirdPersonBP/Maps/ThirdPersonExampleMap.ThirdPersonExampleMap:PersistentLevel' has LevelScriptBlueprint '/Game/ThirdPersonBP/Maps/ThirdPersonExampleMap.ThirdPersonExampleMap:PersistentLevel.ThirdPersonExampleMap' with GeneratedClass '/Game/ThirdPersonBP/Maps/ThirdPersonExampleMap.ThirdPersonExampleMap_C' with ClassGeneratedBy '/Game/ThirdPersonBP/Maps/ThirdPersonExampleMap.ThirdPersonExampleMap:PersistentLevel.ThirdPersonExampleMap'
[2018.12.12-19.42.54:316][141]LogBlueprintUserMessages: Early EndPlayMap Detection: Level '/Game/ThirdPersonBP/Maps/ThirdPersonExampleMap.ThirdPersonExampleMap:PersistentLevel' has LevelScriptBlueprint '/Game/ThirdPersonBP/Maps/ThirdPersonExampleMap.ThirdPersonExampleMap:PersistentLevel.ThirdPersonExampleMap' with GeneratedClass '/Game/ThirdPersonBP/Maps/ThirdPersonExampleMap.ThirdPersonExampleMap_C' with ClassGeneratedBy '/Game/ThirdPersonBP/Maps/ThirdPersonExampleMap.ThirdPersonExampleMap:PersistentLevel.ThirdPersonExampleMap'
[2018.12.12-19.42.54:363][141]LogSlate: Updating window title bar state: overlay mode, drag disabled, window buttons hidden, title bar hidden
[2018.12.12-19.42.54:430][141]LogPlayLevel: Display: Shutting down PIE online subsystems
[2018.12.12-19.42.54:430][141]LogBlueprintUserMessages: Late EndPlayMap Detection: Level '/Game/ThirdPersonBP/Maps/ThirdPersonExampleMap.ThirdPersonExampleMap:PersistentLevel' has LevelScriptBlueprint '/Game/ThirdPersonBP/Maps/ThirdPersonExampleMap.ThirdPersonExampleMap:PersistentLevel.ThirdPersonExampleMap' with GeneratedClass '/Game/ThirdPersonBP/Maps/ThirdPersonExampleMap.ThirdPersonExampleMap_C' with ClassGeneratedBy '/Game/ThirdPersonBP/Maps/ThirdPersonExampleMap.ThirdPersonExampleMap:PersistentLevel.ThirdPersonExampleMap'
[2018.12.12-19.42.54:490][141]LogSlate: Updating window title bar state: overlay mode, drag disabled, window buttons hidden, title bar hidden
[2018.12.12-19.42.54:555][142]LogPlayLevel: Display: Destroying online subsystem :Context_3
[2018.12.12-19.42.55:919][282]LogSlate: FSceneViewport::OnFocusLost() reason 0
[2018.12.12-19.42.56:092][300]LogAssetEditorManager: Opening Asset editor for Blueprint /Game/ThirdPersonBP/Blueprints/ThirdPersonCharacter.ThirdPersonCharacter
[2018.12.12-19.42.56:941][300]LogContentBrowser: Native class hierarchy updated for 'BlueprintGraph' in 0.0005 seconds. Added 116 classes and 0 folders.
[2018.12.12-19.42.58:165][300]LogSlate: Took 0.018642 seconds to synchronously load lazily loaded font '../../../Engine/Content/Slate/Fonts/Roboto-BoldCondensed.ttf' (158K)
[2018.12.12-19.43.03:172][835]LogSlate: Window 'ThirdPersonCharacter' being destroyed
[2018.12.12-19.43.03:176][835]LogSlate: Window 'ThirdPersonCharacter' being destroyed
[2018.12.12-19.43.07:321][301]LogEditorViewport: Clicking on Actor (LMB): PlayerStart (NetworkPlayerStart)
[2018.12.12-19.43.12:009][851]LogNavigationPoint: PostEditMove Clear paths rebuilt
[2018.12.12-19.43.13:030][962]LogEditorViewport: Clicking on Actor (LMB): ThirdPersonCharacter_C (ThirdPersonCharacter)
[2018.12.12-19.43.19:729][734]LogEditorViewport: Clicking on Actor (LMB): PlayerStart (NetworkPlayerStart)
[2018.12.12-19.43.21:473][938]LogNavigationPoint: PostEditMove Clear paths rebuilt
[2018.12.12-19.43.23:134][136]LogNavigationPoint: PostEditMove Clear paths rebuilt
[2018.12.12-19.43.24:269][271]LogEditorViewport: Clicking on Actor (LMB): ThirdPersonCharacter_C (ThirdPersonCharacter)
[2018.12.12-19.43.25:127][365]Cmd: DELETE
[2018.12.12-19.43.25:127][365]Cmd: ACTOR DELETE
[2018.12.12-19.43.25:213][365]LogEditorActor: Deleted Actor: ThirdPersonCharacter_C
[2018.12.12-19.43.25:273][365]LogEditorActor: Deleted 1 Actors (0.125 secs)
[2018.12.12-19.43.26:052][456]LogTemp: Repeating last play command: Selected Viewport
[2018.12.12-19.43.26:071][456]LogBlueprintUserMessages: Early PlayInEditor Detection: Level '/Game/ThirdPersonBP/Maps/ThirdPersonExampleMap.ThirdPersonExampleMap:PersistentLevel' has LevelScriptBlueprint '/Game/ThirdPersonBP/Maps/ThirdPersonExampleMap.ThirdPersonExampleMap:PersistentLevel.ThirdPersonExampleMap' with GeneratedClass '/Game/ThirdPersonBP/Maps/ThirdPersonExampleMap.ThirdPersonExampleMap_C' with ClassGeneratedBy '/Game/ThirdPersonBP/Maps/ThirdPersonExampleMap.ThirdPersonExampleMap:PersistentLevel.ThirdPersonExampleMap'
[2018.12.12-19.43.26:071][456]LogPlayLevel: PlayLevel: No blueprints needed recompiling
[2018.12.12-19.43.26:071][456]PIE: New page: PIE session: ThirdPersonExampleMap (Dec 12, 2018, 3:43:26 AM)
[2018.12.12-19.43.26:071][456]LogPlayLevel: Creating play world package: /Game/ThirdPersonBP/Maps/UEDPIE_0_ThirdPersonExampleMap
[2018.12.12-19.43.26:083][456]LogPlayLevel: PIE: StaticDuplicateObject took: (0.011294s)
[2018.12.12-19.43.26:084][456]LogAIModule: Creating AISystem for world ThirdPersonExampleMap
[2018.12.12-19.43.26:084][456]LogPlayLevel: PIE: World Init took: (0.001387s)
[2018.12.12-19.43.26:084][456]LogPlayLevel: PIE: Created PIE world by copying editor world from /Game/ThirdPersonBP/Maps/ThirdPersonExampleMap.ThirdPersonExampleMap to /Game/ThirdPersonBP/Maps/UEDPIE_0_ThirdPersonExampleMap.ThirdPersonExampleMap (0.012896s)
[2018.12.12-19.43.26:112][456]LogInit: XAudio2 using 'Speakers (Realtek High Definition Audio)' : 2 channels at 48 kHz using 32 bits per sample (channel mask 0x3)
[2018.12.12-19.43.26:128][456]LogInit: FAudioDevice initialized.
[2018.12.12-19.43.26:128][456]LogSlate: FSceneViewport::OnFocusLost() reason 2
[2018.12.12-19.43.26:155][456]LogLoad: Game class is 'ThirdPersonGameMode_C'
[2018.12.12-19.43.26:157][456]LogWorld: Bringing World /Game/ThirdPersonBP/Maps/UEDPIE_0_ThirdPersonExampleMap.ThirdPersonExampleMap up for play (max tick rate 0) at 2018.12.12-11.43.26
[2018.12.12-19.43.26:157][456]LogWorld: Bringing up level for play took: 0.000597
[2018.12.12-19.43.26:195][456]PIE: Play in editor start time for /Game/ThirdPersonBP/Maps/UEDPIE_0_ThirdPersonExampleMap -0.623
[2018.12.12-19.43.26:195][456]LogBlueprintUserMessages: Late PlayInEditor Detection: Level '/Game/ThirdPersonBP/Maps/ThirdPersonExampleMap.ThirdPersonExampleMap:PersistentLevel' has LevelScriptBlueprint '/Game/ThirdPersonBP/Maps/ThirdPersonExampleMap.ThirdPersonExampleMap:PersistentLevel.ThirdPersonExampleMap' with GeneratedClass '/Game/ThirdPersonBP/Maps/ThirdPersonExampleMap.ThirdPersonExampleMap_C' with ClassGeneratedBy '/Game/ThirdPersonBP/Maps/ThirdPersonExampleMap.ThirdPersonExampleMap:PersistentLevel.ThirdPersonExampleMap'
[2018.12.12-19.43.31:088][ 40]LogBlueprintUserMessages: Early EndPlayMap Detection: Level '/Game/ThirdPersonBP/Maps/ThirdPersonExampleMap.ThirdPersonExampleMap:PersistentLevel' has LevelScriptBlueprint '/Game/ThirdPersonBP/Maps/ThirdPersonExampleMap.ThirdPersonExampleMap:PersistentLevel.ThirdPersonExampleMap' with GeneratedClass '/Game/ThirdPersonBP/Maps/ThirdPersonExampleMap.ThirdPersonExampleMap_C' with ClassGeneratedBy '/Game/ThirdPersonBP/Maps/ThirdPersonExampleMap.ThirdPersonExampleMap:PersistentLevel.ThirdPersonExampleMap'
[2018.12.12-19.43.31:088][ 40]LogSlate: Updating window title bar state: overlay mode, drag disabled, window buttons hidden, title bar hidden
[2018.12.12-19.43.31:118][ 40]LogPlayLevel: Display: Shutting down PIE online subsystems
[2018.12.12-19.43.31:119][ 40]LogBlueprintUserMessages: Late EndPlayMap Detection: Level '/Game/ThirdPersonBP/Maps/ThirdPersonExampleMap.ThirdPersonExampleMap:PersistentLevel' has LevelScriptBlueprint '/Game/ThirdPersonBP/Maps/ThirdPersonExampleMap.ThirdPersonExampleMap:PersistentLevel.ThirdPersonExampleMap' with GeneratedClass '/Game/ThirdPersonBP/Maps/ThirdPersonExampleMap.ThirdPersonExampleMap_C' with ClassGeneratedBy '/Game/ThirdPersonBP/Maps/ThirdPersonExampleMap.ThirdPersonExampleMap:PersistentLevel.ThirdPersonExampleMap'
[2018.12.12-19.43.31:145][ 40]LogSlate: Updating window title bar state: overlay mode, drag disabled, window buttons hidden, title bar hidden
[2018.12.12-19.43.31:190][ 44]LogPlayLevel: Display: Destroying online subsystem :Context_5
[2018.12.12-19.43.31:875][126]LogSlate: FSceneViewport::OnFocusLost() reason 0
[2018.12.12-19.43.32:022][143]LogAssetEditorManager: Opening Asset editor for Blueprint /Game/ThirdPersonBP/Blueprints/ThirdPersonCharacter.ThirdPersonCharacter
[2018.12.12-19.43.37:149][672]LogSlate: Took 0.026738 seconds to synchronously load lazily loaded font '../../../Engine/Content/Slate/Fonts/Roboto-Italic.ttf' (157K)
[2018.12.12-19.52.38:882][225]LogEditorViewport: Clicking on Actor (LMB): PlayerStart (NetworkPlayerStart)
[2018.12.12-19.52.40:116][371]LogSlate: FSceneViewport::OnFocusLost() reason 0
[2018.12.12-19.53.00:282][597]LogSlate: FSceneViewport::OnFocusLost() reason 0
[2018.12.12-19.54.01:108][728]LogSavePackage: Moving '../../../../stealthPractice/Saved/ThirdPersonExampleMap_Auto1756B71174FEF274AACF041A708452B3F.tmp' to '../../../../stealthPractice/Saved/Autosaves/Game/ThirdPersonBP/Maps/ThirdPersonExampleMap_Auto1.umap'
[2018.12.12-19.54.01:140][728]LogFileHelpers: Editor autosave (incl. sublevels) for '/Game/ThirdPersonBP/Maps/ThirdPersonExampleMap' took 0.333
[2018.12.12-19.54.01:140][728]LogFileHelpers: Editor autosave (incl. sublevels) for all levels took 0.333
[2018.12.12-19.54.01:144][728]OBJ SavePackage: Generating thumbnails for [1] asset(s) in package [/Game/ThirdPersonBP/Blueprints/ThirdPersonCharacter] ([1] browsable assets)...
[2018.12.12-19.54.01:157][728]OBJ SavePackage:     Rendered thumbnail for [Blueprint /Game/ThirdPersonBP/Blueprints/ThirdPersonCharacter.ThirdPersonCharacter]
[2018.12.12-19.54.01:157][728]OBJ SavePackage: Finished generating thumbnails for package [/Game/ThirdPersonBP/Blueprints/ThirdPersonCharacter]
[2018.12.12-19.54.01:245][728]LogSavePackage: Moving '../../../../stealthPractice/Saved/ThirdPersonCharacter_Auto1DBE524274E4CDC0367A9D4B326D12AFC.tmp' to '../../../../stealthPractice/Saved/Autosaves/Game/ThirdPersonBP/Blueprints/ThirdPersonCharacter_Auto1.uasset'
[2018.12.12-19.54.01:246][728]LogFileHelpers: Auto-saving content packages took 0.105
[2018.12.12-19.59.36:875][805]LogEditorTransaction: Undo Create Pin Link
[2018.12.12-19.59.58:034][932]BlueprintLog: New page: Compile ThirdPersonCharacter
[2018.12.12-20.00.01:457][296]LogTemp: Repeating last play command: Selected Viewport
[2018.12.12-20.00.01:473][296]LogBlueprintUserMessages: Early PlayInEditor Detection: Level '/Game/ThirdPersonBP/Maps/ThirdPersonExampleMap.ThirdPersonExampleMap:PersistentLevel' has LevelScriptBlueprint '/Game/ThirdPersonBP/Maps/ThirdPersonExampleMap.ThirdPersonExampleMap:PersistentLevel.ThirdPersonExampleMap' with GeneratedClass '/Game/ThirdPersonBP/Maps/ThirdPersonExampleMap.ThirdPersonExampleMap_C' with ClassGeneratedBy '/Game/ThirdPersonBP/Maps/ThirdPersonExampleMap.ThirdPersonExampleMap:PersistentLevel.ThirdPersonExampleMap'
[2018.12.12-20.00.01:473][296]LogPlayLevel: PlayLevel: No blueprints needed recompiling
[2018.12.12-20.00.01:473][296]PIE: New page: PIE session: ThirdPersonExampleMap (Dec 12, 2018, 4:00:01 AM)
[2018.12.12-20.00.01:473][296]LogPlayLevel: Creating play world package: /Game/ThirdPersonBP/Maps/UEDPIE_0_ThirdPersonExampleMap
[2018.12.12-20.00.01:484][296]LogPlayLevel: PIE: StaticDuplicateObject took: (0.010788s)
[2018.12.12-20.00.01:485][296]LogAIModule: Creating AISystem for world ThirdPersonExampleMap
[2018.12.12-20.00.01:485][296]LogPlayLevel: PIE: World Init took: (0.001448s)
[2018.12.12-20.00.01:485][296]LogPlayLevel: PIE: Created PIE world by copying editor world from /Game/ThirdPersonBP/Maps/ThirdPersonExampleMap.ThirdPersonExampleMap to /Game/ThirdPersonBP/Maps/UEDPIE_0_ThirdPersonExampleMap.ThirdPersonExampleMap (0.012411s)
[2018.12.12-20.00.01:519][296]LogInit: XAudio2 using 'Speakers (Realtek High Definition Audio)' : 2 channels at 48 kHz using 32 bits per sample (channel mask 0x3)
[2018.12.12-20.00.01:535][296]LogInit: FAudioDevice initialized.
[2018.12.12-20.00.01:565][296]LogLoad: Game class is 'ThirdPersonGameMode_C'
[2018.12.12-20.00.01:567][296]LogWorld: Bringing World /Game/ThirdPersonBP/Maps/UEDPIE_0_ThirdPersonExampleMap.ThirdPersonExampleMap up for play (max tick rate 0) at 2018.12.12-12.00.01
[2018.12.12-20.00.01:567][296]LogWorld: Bringing up level for play took: 0.000606
[2018.12.12-20.00.01:581][296]PIE: Play in editor start time for /Game/ThirdPersonBP/Maps/UEDPIE_0_ThirdPersonExampleMap 0.763
[2018.12.12-20.00.01:581][296]LogBlueprintUserMessages: Late PlayInEditor Detection: Level '/Game/ThirdPersonBP/Maps/ThirdPersonExampleMap.ThirdPersonExampleMap:PersistentLevel' has LevelScriptBlueprint '/Game/ThirdPersonBP/Maps/ThirdPersonExampleMap.ThirdPersonExampleMap:PersistentLevel.ThirdPersonExampleMap' with GeneratedClass '/Game/ThirdPersonBP/Maps/ThirdPersonExampleMap.ThirdPersonExampleMap_C' with ClassGeneratedBy '/Game/ThirdPersonBP/Maps/ThirdPersonExampleMap.ThirdPersonExampleMap:PersistentLevel.ThirdPersonExampleMap'
[2018.12.12-20.00.40:797][995]LogBlueprintUserMessages: Early EndPlayMap Detection: Level '/Game/ThirdPersonBP/Maps/ThirdPersonExampleMap.ThirdPersonExampleMap:PersistentLevel' has LevelScriptBlueprint '/Game/ThirdPersonBP/Maps/ThirdPersonExampleMap.ThirdPersonExampleMap:PersistentLevel.ThirdPersonExampleMap' with GeneratedClass '/Game/ThirdPersonBP/Maps/ThirdPersonExampleMap.ThirdPersonExampleMap_C' with ClassGeneratedBy '/Game/ThirdPersonBP/Maps/ThirdPersonExampleMap.ThirdPersonExampleMap:PersistentLevel.ThirdPersonExampleMap'
[2018.12.12-20.00.40:797][995]LogSlate: Updating window title bar state: overlay mode, drag disabled, window buttons hidden, title bar hidden
[2018.12.12-20.00.40:832][995]LogPlayLevel: Display: Shutting down PIE online subsystems
[2018.12.12-20.00.40:833][995]LogBlueprintUserMessages: Late EndPlayMap Detection: Level '/Game/ThirdPersonBP/Maps/ThirdPersonExampleMap.ThirdPersonExampleMap:PersistentLevel' has LevelScriptBlueprint '/Game/ThirdPersonBP/Maps/ThirdPersonExampleMap.ThirdPersonExampleMap:PersistentLevel.ThirdPersonExampleMap' with GeneratedClass '/Game/ThirdPersonBP/Maps/ThirdPersonExampleMap.ThirdPersonExampleMap_C' with ClassGeneratedBy '/Game/ThirdPersonBP/Maps/ThirdPersonExampleMap.ThirdPersonExampleMap:PersistentLevel.ThirdPersonExampleMap'
[2018.12.12-20.00.40:856][995]LogSlate: Updating window title bar state: overlay mode, drag disabled, window buttons hidden, title bar hidden
[2018.12.12-20.00.40:899][999]LogPlayLevel: Display: Destroying online subsystem :Context_7
[2018.12.12-20.00.41:759][101]LogSlate: FSceneViewport::OnFocusLost() reason 0
[2018.12.12-20.01.01:519][ 76]BlueprintLog: New page: Compile ThirdPersonCharacter
[2018.12.12-20.01.04:887][442]LogEditorViewport: Clicking on Actor (LMB): endGoal_C (endGoal)
[2018.12.12-20.01.08:748][901]LogTemp: Repeating last play command: Selected Viewport
[2018.12.12-20.01.08:765][901]LogBlueprintUserMessages: Early PlayInEditor Detection: Level '/Game/ThirdPersonBP/Maps/ThirdPersonExampleMap.ThirdPersonExampleMap:PersistentLevel' has LevelScriptBlueprint '/Game/ThirdPersonBP/Maps/ThirdPersonExampleMap.ThirdPersonExampleMap:PersistentLevel.ThirdPersonExampleMap' with GeneratedClass '/Game/ThirdPersonBP/Maps/ThirdPersonExampleMap.ThirdPersonExampleMap_C' with ClassGeneratedBy '/Game/ThirdPersonBP/Maps/ThirdPersonExampleMap.ThirdPersonExampleMap:PersistentLevel.ThirdPersonExampleMap'
[2018.12.12-20.01.08:765][901]LogPlayLevel: PlayLevel: No blueprints needed recompiling
[2018.12.12-20.01.08:765][901]PIE: New page: PIE session: ThirdPersonExampleMap (Dec 12, 2018, 4:01:08 AM)
[2018.12.12-20.01.08:765][901]LogPlayLevel: Creating play world package: /Game/ThirdPersonBP/Maps/UEDPIE_0_ThirdPersonExampleMap
[2018.12.12-20.01.08:775][901]LogPlayLevel: PIE: StaticDuplicateObject took: (0.009423s)
[2018.12.12-20.01.08:776][901]LogAIModule: Creating AISystem for world ThirdPersonExampleMap
[2018.12.12-20.01.08:776][901]LogPlayLevel: PIE: World Init took: (0.001107s)
[2018.12.12-20.01.08:776][901]LogPlayLevel: PIE: Created PIE world by copying editor world from /Game/ThirdPersonBP/Maps/ThirdPersonExampleMap.ThirdPersonExampleMap to /Game/ThirdPersonBP/Maps/UEDPIE_0_ThirdPersonExampleMap.ThirdPersonExampleMap (0.010707s)
[2018.12.12-20.01.08:813][901]LogInit: XAudio2 using 'Speakers (Realtek High Definition Audio)' : 2 channels at 48 kHz using 32 bits per sample (channel mask 0x3)
[2018.12.12-20.01.08:829][901]LogInit: FAudioDevice initialized.
[2018.12.12-20.01.08:829][901]LogSlate: FSceneViewport::OnFocusLost() reason 2
[2018.12.12-20.01.08:858][901]LogLoad: Game class is 'ThirdPersonGameMode_C'
[2018.12.12-20.01.08:860][901]LogWorld: Bringing World /Game/ThirdPersonBP/Maps/UEDPIE_0_ThirdPersonExampleMap.ThirdPersonExampleMap up for play (max tick rate 0) at 2018.12.12-12.01.08
[2018.12.12-20.01.08:860][901]LogWorld: Bringing up level for play took: 0.000638
[2018.12.12-20.01.08:873][901]LogBlueprintDebug: Warning: Hit breakpoint on node 'CallFunc_K2_SetActorLocation', from offset 2506
[2018.12.12-20.01.08:873][901]LogBlueprintDebug: 
Script call stack:
	Function /Game/ThirdPersonBP/Blueprints/ThirdPersonCharacter.ThirdPersonCharacter_C:ReceiveActorBeginOverlap
	Function /Game/ThirdPersonBP/Blueprints/ThirdPersonCharacter.ThirdPersonCharacter_C:ExecuteUbergraph_ThirdPersonCharacter

[2018.12.12-20.01.13:508][901]PIE: Play in editor start time for /Game/ThirdPersonBP/Maps/UEDPIE_0_ThirdPersonExampleMap 4.691
[2018.12.12-20.01.13:509][901]LogBlueprintUserMessages: Late PlayInEditor Detection: Level '/Game/ThirdPersonBP/Maps/ThirdPersonExampleMap.ThirdPersonExampleMap:PersistentLevel' has LevelScriptBlueprint '/Game/ThirdPersonBP/Maps/ThirdPersonExampleMap.ThirdPersonExampleMap:PersistentLevel.ThirdPersonExampleMap' with GeneratedClass '/Game/ThirdPersonBP/Maps/ThirdPersonExampleMap.ThirdPersonExampleMap_C' with ClassGeneratedBy '/Game/ThirdPersonBP/Maps/ThirdPersonExampleMap.ThirdPersonExampleMap:PersistentLevel.ThirdPersonExampleMap'
[2018.12.12-20.01.13:530][901]LogBlueprintUserMessages: Early EndPlayMap Detection: Level '/Game/ThirdPersonBP/Maps/ThirdPersonExampleMap.ThirdPersonExampleMap:PersistentLevel' has LevelScriptBlueprint '/Game/ThirdPersonBP/Maps/ThirdPersonExampleMap.ThirdPersonExampleMap:PersistentLevel.ThirdPersonExampleMap' with GeneratedClass '/Game/ThirdPersonBP/Maps/ThirdPersonExampleMap.ThirdPersonExampleMap_C' with ClassGeneratedBy '/Game/ThirdPersonBP/Maps/ThirdPersonExampleMap.ThirdPersonExampleMap:PersistentLevel.ThirdPersonExampleMap'
[2018.12.12-20.01.13:530][901]LogSlate: Updating window title bar state: overlay mode, drag disabled, window buttons hidden, title bar hidden
[2018.12.12-20.01.13:565][901]LogPlayLevel: Display: Shutting down PIE online subsystems
[2018.12.12-20.01.13:566][901]LogBlueprintUserMessages: Late EndPlayMap Detection: Level '/Game/ThirdPersonBP/Maps/ThirdPersonExampleMap.ThirdPersonExampleMap:PersistentLevel' has LevelScriptBlueprint '/Game/ThirdPersonBP/Maps/ThirdPersonExampleMap.ThirdPersonExampleMap:PersistentLevel.ThirdPersonExampleMap' with GeneratedClass '/Game/ThirdPersonBP/Maps/ThirdPersonExampleMap.ThirdPersonExampleMap_C' with ClassGeneratedBy '/Game/ThirdPersonBP/Maps/ThirdPersonExampleMap.ThirdPersonExampleMap:PersistentLevel.ThirdPersonExampleMap'
[2018.12.12-20.01.13:595][901]LogSlate: Updating window title bar state: overlay mode, drag disabled, window buttons hidden, title bar hidden
[2018.12.12-20.01.13:620][902]LogPlayLevel: Display: Destroying online subsystem :Context_8
[2018.12.12-20.01.17:365][325]LogEditorViewport: Clicking on Actor (LMB): PlayerStart (NetworkPlayerStart)
[2018.12.12-20.01.18:209][423]LogNavigationPoint: PostEditMove Clear paths rebuilt
[2018.12.12-20.01.18:777][490]LogTemp: Repeating last play command: Selected Viewport
[2018.12.12-20.01.18:792][490]LogBlueprintUserMessages: Early PlayInEditor Detection: Level '/Game/ThirdPersonBP/Maps/ThirdPersonExampleMap.ThirdPersonExampleMap:PersistentLevel' has LevelScriptBlueprint '/Game/ThirdPersonBP/Maps/ThirdPersonExampleMap.ThirdPersonExampleMap:PersistentLevel.ThirdPersonExampleMap' with GeneratedClass '/Game/ThirdPersonBP/Maps/ThirdPersonExampleMap.ThirdPersonExampleMap_C' with ClassGeneratedBy '/Game/ThirdPersonBP/Maps/ThirdPersonExampleMap.ThirdPersonExampleMap:PersistentLevel.ThirdPersonExampleMap'
[2018.12.12-20.01.18:792][490]LogPlayLevel: PlayLevel: No blueprints needed recompiling
[2018.12.12-20.01.18:792][490]PIE: New page: PIE session: ThirdPersonExampleMap (Dec 12, 2018, 4:01:18 AM)
[2018.12.12-20.01.18:792][490]LogPlayLevel: Creating play world package: /Game/ThirdPersonBP/Maps/UEDPIE_0_ThirdPersonExampleMap
[2018.12.12-20.01.18:801][490]LogPlayLevel: PIE: StaticDuplicateObject took: (0.007800s)
[2018.12.12-20.01.18:801][490]LogAIModule: Creating AISystem for world ThirdPersonExampleMap
[2018.12.12-20.01.18:802][490]LogPlayLevel: PIE: World Init took: (0.000863s)
[2018.12.12-20.01.18:802][490]LogPlayLevel: PIE: Created PIE world by copying editor world from /Game/ThirdPersonBP/Maps/ThirdPersonExampleMap.ThirdPersonExampleMap to /Game/ThirdPersonBP/Maps/UEDPIE_0_ThirdPersonExampleMap.ThirdPersonExampleMap (0.008803s)
[2018.12.12-20.01.18:834][490]LogInit: XAudio2 using 'Speakers (Realtek High Definition Audio)' : 2 channels at 48 kHz using 32 bits per sample (channel mask 0x3)
[2018.12.12-20.01.18:848][490]LogInit: FAudioDevice initialized.
[2018.12.12-20.01.18:848][490]LogSlate: FSceneViewport::OnFocusLost() reason 2
[2018.12.12-20.01.18:878][490]LogLoad: Game class is 'ThirdPersonGameMode_C'
[2018.12.12-20.01.18:880][490]LogWorld: Bringing World /Game/ThirdPersonBP/Maps/UEDPIE_0_ThirdPersonExampleMap.ThirdPersonExampleMap up for play (max tick rate 0) at 2018.12.12-12.01.18
[2018.12.12-20.01.18:880][490]LogWorld: Bringing up level for play took: 0.000611
[2018.12.12-20.01.18:893][490]LogBlueprintDebug: Warning: Hit breakpoint on node 'CallFunc_K2_SetActorLocation', from offset 2506
[2018.12.12-20.01.18:894][490]LogBlueprintDebug: 
Script call stack:
	Function /Game/ThirdPersonBP/Blueprints/ThirdPersonCharacter.ThirdPersonCharacter_C:ReceiveActorBeginOverlap
	Function /Game/ThirdPersonBP/Blueprints/ThirdPersonCharacter.ThirdPersonCharacter_C:ExecuteUbergraph_ThirdPersonCharacter

[2018.12.12-20.01.19:771][490]PIE: Play in editor start time for /Game/ThirdPersonBP/Maps/UEDPIE_0_ThirdPersonExampleMap 0.954
[2018.12.12-20.01.19:771][490]LogBlueprintUserMessages: Late PlayInEditor Detection: Level '/Game/ThirdPersonBP/Maps/ThirdPersonExampleMap.ThirdPersonExampleMap:PersistentLevel' has LevelScriptBlueprint '/Game/ThirdPersonBP/Maps/ThirdPersonExampleMap.ThirdPersonExampleMap:PersistentLevel.ThirdPersonExampleMap' with GeneratedClass '/Game/ThirdPersonBP/Maps/ThirdPersonExampleMap.ThirdPersonExampleMap_C' with ClassGeneratedBy '/Game/ThirdPersonBP/Maps/ThirdPersonExampleMap.ThirdPersonExampleMap:PersistentLevel.ThirdPersonExampleMap'
[2018.12.12-20.01.19:788][490]LogBlueprintUserMessages: Early EndPlayMap Detection: Level '/Game/ThirdPersonBP/Maps/ThirdPersonExampleMap.ThirdPersonExampleMap:PersistentLevel' has LevelScriptBlueprint '/Game/ThirdPersonBP/Maps/ThirdPersonExampleMap.ThirdPersonExampleMap:PersistentLevel.ThirdPersonExampleMap' with GeneratedClass '/Game/ThirdPersonBP/Maps/ThirdPersonExampleMap.ThirdPersonExampleMap_C' with ClassGeneratedBy '/Game/ThirdPersonBP/Maps/ThirdPersonExampleMap.ThirdPersonExampleMap:PersistentLevel.ThirdPersonExampleMap'
[2018.12.12-20.01.19:788][490]LogSlate: Updating window title bar state: overlay mode, drag disabled, window buttons hidden, title bar hidden
[2018.12.12-20.01.19:823][490]LogPlayLevel: Display: Shutting down PIE online subsystems
[2018.12.12-20.01.19:823][490]LogBlueprintUserMessages: Late EndPlayMap Detection: Level '/Game/ThirdPersonBP/Maps/ThirdPersonExampleMap.ThirdPersonExampleMap:PersistentLevel' has LevelScriptBlueprint '/Game/ThirdPersonBP/Maps/ThirdPersonExampleMap.ThirdPersonExampleMap:PersistentLevel.ThirdPersonExampleMap' with GeneratedClass '/Game/ThirdPersonBP/Maps/ThirdPersonExampleMap.ThirdPersonExampleMap_C' with ClassGeneratedBy '/Game/ThirdPersonBP/Maps/ThirdPersonExampleMap.ThirdPersonExampleMap:PersistentLevel.ThirdPersonExampleMap'
[2018.12.12-20.01.19:851][490]LogSlate: Updating window title bar state: overlay mode, drag disabled, window buttons hidden, title bar hidden
[2018.12.12-20.01.19:877][491]LogPlayLevel: Display: Destroying online subsystem :Context_9
[2018.12.12-20.04.41:048][229]LogSavePackage: Moving '../../../../stealthPractice/Saved/ThirdPersonExampleMap_Auto2E2B7BB0D4EE82C5DEA014DA22E36BD56.tmp' to '../../../../stealthPractice/Saved/Autosaves/Game/ThirdPersonBP/Maps/ThirdPersonExampleMap_Auto2.umap'
[2018.12.12-20.04.41:052][229]LogFileHelpers: Editor autosave (incl. sublevels) for '/Game/ThirdPersonBP/Maps/ThirdPersonExampleMap' took 0.176
[2018.12.12-20.04.41:052][229]LogFileHelpers: Editor autosave (incl. sublevels) for all levels took 0.176
[2018.12.12-20.04.41:055][229]OBJ SavePackage: Generating thumbnails for [1] asset(s) in package [/Game/ThirdPersonBP/Blueprints/ThirdPersonCharacter] ([1] browsable assets)...
[2018.12.12-20.04.41:071][229]OBJ SavePackage:     Rendered thumbnail for [Blueprint /Game/ThirdPersonBP/Blueprints/ThirdPersonCharacter.ThirdPersonCharacter]
[2018.12.12-20.04.41:071][229]OBJ SavePackage: Finished generating thumbnails for package [/Game/ThirdPersonBP/Blueprints/ThirdPersonCharacter]
[2018.12.12-20.04.41:148][229]LogSavePackage: Moving '../../../../stealthPractice/Saved/ThirdPersonCharacter_Auto2527FD7F24F8D72D0733553B028DA14FF.tmp' to '../../../../stealthPractice/Saved/Autosaves/Game/ThirdPersonBP/Blueprints/ThirdPersonCharacter_Auto2.uasset'
[2018.12.12-20.04.41:150][229]LogFileHelpers: Auto-saving content packages took 0.097
